This is pdfTeX, Version 3.14159265-2.6-1.40.21 (TeX Live 2020/W32TeX) (preloaded format=pdflatex 2020.11.7)  10 DEC 2020 13:46
entering extended mode
 restricted \write18 enabled.
 %&-line parsing enabled.
**PA.tex
(./PA.tex
LaTeX2e <2020-10-01> patch level 2
L3 programming layer <2020-10-27> xparse <2020-03-03>
(c:/Users/pasca/AppData/Roaming/TinyTeX/texmf-dist/tex/latex/extsizes/extarticl
e.cls
Document Class: extarticle 1996/10/08 v1.0 Non Standard LaTeX document class

(c:/Users/pasca/AppData/Roaming/TinyTeX/texmf-dist/tex/latex/extsizes/size8.clo
File: size8.clo 1999/11/11 v1.4a NON-Standard LaTeX file (size option)
) (c:/Users/pasca/AppData/Roaming/TinyTeX/texmf-dist/tex/latex/base/exscale.sty
Package: exscale 2018/09/24 v2.1i Standard LaTeX package exscale
LaTeX Font Info:    Redeclaring symbol font `largesymbols' on input line 57.
LaTeX Font Info:    Overwriting symbol font `largesymbols' in version `normal'
(Font)                  OMX/cmex/m/n --> OMX/cmex/m/n on input line 57.
LaTeX Font Info:    Overwriting symbol font `largesymbols' in version `bold'
(Font)                  OMX/cmex/m/n --> OMX/cmex/m/n on input line 57.
\big@size=\dimen138
)
\c@part=\count175
\c@section=\count176
\c@subsection=\count177
\c@subsubsection=\count178
\c@paragraph=\count179
\c@subparagraph=\count180
\c@figure=\count181
\c@table=\count182
\abovecaptionskip=\skip47
\belowcaptionskip=\skip48
\bibindent=\dimen139
) (c:/Users/pasca/AppData/Roaming/TinyTeX/texmf-dist/tex/latex/lm/lmodern.sty
Package: lmodern 2009/10/30 v1.6 Latin Modern Fonts
LaTeX Font Info:    Overwriting symbol font `operators' in version `normal'
(Font)                  OT1/cmr/m/n --> OT1/lmr/m/n on input line 22.
LaTeX Font Info:    Overwriting symbol font `letters' in version `normal'
(Font)                  OML/cmm/m/it --> OML/lmm/m/it on input line 23.
LaTeX Font Info:    Overwriting symbol font `symbols' in version `normal'
(Font)                  OMS/cmsy/m/n --> OMS/lmsy/m/n on input line 24.
LaTeX Font Info:    Overwriting symbol font `largesymbols' in version `normal'
(Font)                  OMX/cmex/m/n --> OMX/lmex/m/n on input line 25.
LaTeX Font Info:    Overwriting symbol font `operators' in version `bold'
(Font)                  OT1/cmr/bx/n --> OT1/lmr/bx/n on input line 26.
LaTeX Font Info:    Overwriting symbol font `letters' in version `bold'
(Font)                  OML/cmm/b/it --> OML/lmm/b/it on input line 27.
LaTeX Font Info:    Overwriting symbol font `symbols' in version `bold'
(Font)                  OMS/cmsy/b/n --> OMS/lmsy/b/n on input line 28.
LaTeX Font Info:    Overwriting symbol font `largesymbols' in version `bold'
(Font)                  OMX/cmex/m/n --> OMX/lmex/m/n on input line 29.
LaTeX Font Info:    Overwriting math alphabet `\mathbf' in version `normal'
(Font)                  OT1/cmr/bx/n --> OT1/lmr/bx/n on input line 31.
LaTeX Font Info:    Overwriting math alphabet `\mathsf' in version `normal'
(Font)                  OT1/cmss/m/n --> OT1/lmss/m/n on input line 32.
LaTeX Font Info:    Overwriting math alphabet `\mathit' in version `normal'
(Font)                  OT1/cmr/m/it --> OT1/lmr/m/it on input line 33.
LaTeX Font Info:    Overwriting math alphabet `\mathtt' in version `normal'
(Font)                  OT1/cmtt/m/n --> OT1/lmtt/m/n on input line 34.
LaTeX Font Info:    Overwriting math alphabet `\mathbf' in version `bold'
(Font)                  OT1/cmr/bx/n --> OT1/lmr/bx/n on input line 35.
LaTeX Font Info:    Overwriting math alphabet `\mathsf' in version `bold'
(Font)                  OT1/cmss/bx/n --> OT1/lmss/bx/n on input line 36.
LaTeX Font Info:    Overwriting math alphabet `\mathit' in version `bold'
(Font)                  OT1/cmr/bx/it --> OT1/lmr/bx/it on input line 37.
LaTeX Font Info:    Overwriting math alphabet `\mathtt' in version `bold'
(Font)                  OT1/cmtt/m/n --> OT1/lmtt/m/n on input line 38.
)
(c:/Users/pasca/AppData/Roaming/TinyTeX/texmf-dist/tex/latex/amsfonts/amssymb.s
ty
Package: amssymb 2013/01/14 v3.01 AMS font symbols

(c:/Users/pasca/AppData/Roaming/TinyTeX/texmf-dist/tex/latex/amsfonts/amsfonts.
sty
Package: amsfonts 2013/01/14 v3.01 Basic AMSFonts support
\@emptytoks=\toks15
\symAMSa=\mathgroup4
\symAMSb=\mathgroup5
LaTeX Font Info:    Redeclaring math symbol \hbar on input line 98.
LaTeX Font Info:    Overwriting math alphabet `\mathfrak' in version `bold'
(Font)                  U/euf/m/n --> U/euf/b/n on input line 106.
))
(c:/Users/pasca/AppData/Roaming/TinyTeX/texmf-dist/tex/latex/amsmath/amsmath.st
y
Package: amsmath 2020/09/23 v2.17i AMS math features
\@mathmargin=\skip49
For additional information on amsmath, use the `?' option.

(c:/Users/pasca/AppData/Roaming/TinyTeX/texmf-dist/tex/latex/amsmath/amstext.st
y
Package: amstext 2000/06/29 v2.01 AMS text

(c:/Users/pasca/AppData/Roaming/TinyTeX/texmf-dist/tex/latex/amsmath/amsgen.sty
File: amsgen.sty 1999/11/30 v2.0 generic functions
\@emptytoks=\toks16
\ex@=\dimen140
))
(c:/Users/pasca/AppData/Roaming/TinyTeX/texmf-dist/tex/latex/amsmath/amsbsy.sty
Package: amsbsy 1999/11/29 v1.2d Bold Symbols
\pmbraise@=\dimen141
)
(c:/Users/pasca/AppData/Roaming/TinyTeX/texmf-dist/tex/latex/amsmath/amsopn.sty
Package: amsopn 2016/03/08 v2.02 operator names
)
\inf@bad=\count183
LaTeX Info: Redefining \frac on input line 234.
\uproot@=\count184
\leftroot@=\count185
LaTeX Info: Redefining \overline on input line 399.
\classnum@=\count186
\DOTSCASE@=\count187
LaTeX Info: Redefining \ldots on input line 496.
LaTeX Info: Redefining \dots on input line 499.
LaTeX Info: Redefining \cdots on input line 620.
\Mathstrutbox@=\box47
\strutbox@=\box48
\big@size=\dimen142
LaTeX Font Info:    Redeclaring font encoding OML on input line 743.
LaTeX Font Info:    Redeclaring font encoding OMS on input line 744.
\macc@depth=\count188
\c@MaxMatrixCols=\count189
\dotsspace@=\muskip16
\c@parentequation=\count190
\dspbrk@lvl=\count191
\tag@help=\toks17
\row@=\count192
\column@=\count193
\maxfields@=\count194
\andhelp@=\toks18
\eqnshift@=\dimen143
\alignsep@=\dimen144
\tagshift@=\dimen145
\tagwidth@=\dimen146
\totwidth@=\dimen147
\lineht@=\dimen148
\@envbody=\toks19
\multlinegap=\skip50
\multlinetaggap=\skip51
\mathdisplay@stack=\toks20
LaTeX Info: Redefining \[ on input line 2923.
LaTeX Info: Redefining \] on input line 2924.
)
(c:/Users/pasca/AppData/Roaming/TinyTeX/texmf-dist/tex/generic/iftex/ifxetex.st
y
Package: ifxetex 2019/10/25 v0.7 ifxetex legacy package. Use iftex instead.
(c:/Users/pasca/AppData/Roaming/TinyTeX/texmf-dist/tex/generic/iftex/iftex.sty
Package: iftex 2020/03/06 v1.0d TeX engine tests
))
(c:/Users/pasca/AppData/Roaming/TinyTeX/texmf-dist/tex/generic/iftex/ifluatex.s
ty
Package: ifluatex 2019/10/25 v1.5 ifluatex legacy package. Use iftex instead.
) (c:/Users/pasca/AppData/Roaming/TinyTeX/texmf-dist/tex/latex/base/fontenc.sty
Package: fontenc 2020/08/10 v2.0s Standard LaTeX package
LaTeX Font Info:    Trying to load font information for T1+lmr on input line 11
2.
(c:/Users/pasca/AppData/Roaming/TinyTeX/texmf-dist/tex/latex/lm/t1lmr.fd
File: t1lmr.fd 2009/10/30 v1.6 Font defs for Latin Modern
)) (c:/Users/pasca/AppData/Roaming/TinyTeX/texmf-dist/tex/latex/base/inputenc.s
ty
Package: inputenc 2020/08/01 v1.3d Input encoding file
\inpenc@prehook=\toks21
\inpenc@posthook=\toks22
) (c:/Users/pasca/AppData/Roaming/TinyTeX/texmf-dist/tex/latex/base/textcomp.st
y
Package: textcomp 2020/02/02 v2.0n Standard LaTeX package
)
(c:/Users/pasca/AppData/Roaming/TinyTeX/texmf-dist/tex/latex/upquote/upquote.st
y
Package: upquote 2012/04/19 v1.3 upright-quote and grave-accent glyphs in verba
tim
) (c:/Users/pasca/AppData/Roaming/TinyTeX/texmf-dist/tex/latex/xcolor/xcolor.st
y
Package: xcolor 2016/05/11 v2.12 LaTeX color extensions (UK)

(c:/Users/pasca/AppData/Roaming/TinyTeX/texmf-dist/tex/latex/graphics-cfg/color
.cfg
File: color.cfg 2016/01/02 v1.6 sample color configuration
)
Package xcolor Info: Driver file: pdftex.def on input line 225.

(c:/Users/pasca/AppData/Roaming/TinyTeX/texmf-dist/tex/latex/graphics-def/pdfte
x.def
File: pdftex.def 2020/10/05 v1.2a Graphics/color driver for pdftex
)
Package xcolor Info: Model `cmy' substituted by `cmy0' on input line 1348.
Package xcolor Info: Model `hsb' substituted by `rgb' on input line 1352.
Package xcolor Info: Model `RGB' extended on input line 1364.
Package xcolor Info: Model `HTML' substituted by `rgb' on input line 1366.
Package xcolor Info: Model `Hsb' substituted by `hsb' on input line 1367.
Package xcolor Info: Model `tHsb' substituted by `hsb' on input line 1368.
Package xcolor Info: Model `HSB' substituted by `hsb' on input line 1369.
Package xcolor Info: Model `Gray' substituted by `gray' on input line 1370.
Package xcolor Info: Model `wave' substituted by `hsb' on input line 1371.
)
(c:/Users/pasca/AppData/Roaming/TinyTeX/texmf-dist/tex/latex/hyperref/hyperref.
sty
Package: hyperref 2020-05-15 v7.00e Hypertext links for LaTeX

(c:/Users/pasca/AppData/Roaming/TinyTeX/texmf-dist/tex/generic/ltxcmds/ltxcmds.
sty
Package: ltxcmds 2020-05-10 v1.25 LaTeX kernel commands for general use (HO)
)
(c:/Users/pasca/AppData/Roaming/TinyTeX/texmf-dist/tex/generic/pdftexcmds/pdfte
xcmds.sty
Package: pdftexcmds 2020-06-27 v0.33 Utility functions of pdfTeX for LuaTeX (HO
)

(c:/Users/pasca/AppData/Roaming/TinyTeX/texmf-dist/tex/generic/infwarerr/infwar
err.sty
Package: infwarerr 2019/12/03 v1.5 Providing info/warning/error messages (HO)
)
Package pdftexcmds Info: \pdf@primitive is available.
Package pdftexcmds Info: \pdf@ifprimitive is available.
Package pdftexcmds Info: \pdfdraftmode found.
)
(c:/Users/pasca/AppData/Roaming/TinyTeX/texmf-dist/tex/latex/graphics/keyval.st
y
Package: keyval 2014/10/28 v1.15 key=value parser (DPC)
\KV@toks@=\toks23
)
(c:/Users/pasca/AppData/Roaming/TinyTeX/texmf-dist/tex/generic/kvsetkeys/kvsetk
eys.sty
Package: kvsetkeys 2019/12/15 v1.18 Key value parser (HO)
)
(c:/Users/pasca/AppData/Roaming/TinyTeX/texmf-dist/tex/generic/kvdefinekeys/kvd
efinekeys.sty
Package: kvdefinekeys 2019-12-19 v1.6 Define keys (HO)
)
(c:/Users/pasca/AppData/Roaming/TinyTeX/texmf-dist/tex/generic/pdfescape/pdfesc
ape.sty
Package: pdfescape 2019/12/09 v1.15 Implements pdfTeX's escape features (HO)
)
(c:/Users/pasca/AppData/Roaming/TinyTeX/texmf-dist/tex/latex/hycolor/hycolor.st
y
Package: hycolor 2020-01-27 v1.10 Color options for hyperref/bookmark (HO)
)
(c:/Users/pasca/AppData/Roaming/TinyTeX/texmf-dist/tex/latex/letltxmacro/letltx
macro.sty
Package: letltxmacro 2019/12/03 v1.6 Let assignment for LaTeX macros (HO)
)
(c:/Users/pasca/AppData/Roaming/TinyTeX/texmf-dist/tex/latex/auxhook/auxhook.st
y
Package: auxhook 2019-12-17 v1.6 Hooks for auxiliary files (HO)
)
(c:/Users/pasca/AppData/Roaming/TinyTeX/texmf-dist/tex/latex/kvoptions/kvoption
s.sty
Package: kvoptions 2020-10-07 v3.14 Key value format for package options (HO)
)
\@linkdim=\dimen149
\Hy@linkcounter=\count195
\Hy@pagecounter=\count196

(c:/Users/pasca/AppData/Roaming/TinyTeX/texmf-dist/tex/latex/hyperref/pd1enc.de
f
File: pd1enc.def 2020-05-15 v7.00e Hyperref: PDFDocEncoding definition (HO)
Now handling font encoding PD1 ...
... no UTF-8 mapping file for font encoding PD1
)
(c:/Users/pasca/AppData/Roaming/TinyTeX/texmf-dist/tex/generic/intcalc/intcalc.
sty
Package: intcalc 2019/12/15 v1.3 Expandable calculations with integers (HO)
)
(c:/Users/pasca/AppData/Roaming/TinyTeX/texmf-dist/tex/generic/etexcmds/etexcmd
s.sty
Package: etexcmds 2019/12/15 v1.7 Avoid name clashes with e-TeX commands (HO)
)
\Hy@SavedSpaceFactor=\count197
Package hyperref Info: Option `unicode' set `true' on input line 4338.

(c:/Users/pasca/AppData/Roaming/TinyTeX/texmf-dist/tex/latex/hyperref/puenc.def
File: puenc.def 2020-05-15 v7.00e Hyperref: PDF Unicode definition (HO)
Now handling font encoding PU ...
... no UTF-8 mapping file for font encoding PU
)
Package hyperref Info: Hyper figures OFF on input line 4464.
Package hyperref Info: Link nesting OFF on input line 4469.
Package hyperref Info: Hyper index ON on input line 4472.
Package hyperref Info: Plain pages OFF on input line 4479.
Package hyperref Info: Backreferencing OFF on input line 4484.
Package hyperref Info: Implicit mode ON; LaTeX internals redefined.
Package hyperref Info: Bookmarks ON on input line 4717.
\c@Hy@tempcnt=\count198
(c:/Users/pasca/AppData/Roaming/TinyTeX/texmf-dist/tex/latex/url/url.sty
\Urlmuskip=\muskip17
Package: url 2013/09/16  ver 3.4  Verb mode for urls, etc.
)
LaTeX Info: Redefining \url on input line 5076.
\XeTeXLinkMargin=\dimen150

(c:/Users/pasca/AppData/Roaming/TinyTeX/texmf-dist/tex/generic/bitset/bitset.st
y
Package: bitset 2019/12/09 v1.3 Handle bit-vector datatype (HO)

(c:/Users/pasca/AppData/Roaming/TinyTeX/texmf-dist/tex/generic/bigintcalc/bigin
tcalc.sty
Package: bigintcalc 2019/12/15 v1.5 Expandable calculations on big integers (HO
)
))
\Fld@menulength=\count199
\Field@Width=\dimen151
\Fld@charsize=\dimen152
Package hyperref Info: Hyper figures OFF on input line 6347.
Package hyperref Info: Link nesting OFF on input line 6352.
Package hyperref Info: Hyper index ON on input line 6355.
Package hyperref Info: backreferencing OFF on input line 6362.
Package hyperref Info: Link coloring OFF on input line 6367.
Package hyperref Info: Link coloring with OCG OFF on input line 6372.
Package hyperref Info: PDF/A mode OFF on input line 6377.
LaTeX Info: Redefining \ref on input line 6417.
LaTeX Info: Redefining \pageref on input line 6421.

(c:/Users/pasca/AppData/Roaming/TinyTeX/texmf-dist/tex/latex/base/atbegshi-ltx.
sty
Package: atbegshi-ltx 2020/08/17 v1.0a Emulation of the original atbegshi packa
ge
with kernel methods
)
\Hy@abspage=\count266
\c@Item=\count267
\c@Hfootnote=\count268
)
Package hyperref Info: Driver (autodetected): hpdftex.

(c:/Users/pasca/AppData/Roaming/TinyTeX/texmf-dist/tex/latex/hyperref/hpdftex.d
ef
File: hpdftex.def 2020-05-15 v7.00e Hyperref driver for pdfTeX

(c:/Users/pasca/AppData/Roaming/TinyTeX/texmf-dist/tex/latex/base/atveryend-ltx
.sty
Package: atveryend-ltx 2020/08/19 v1.0a Emulation of the original atvery packag
e
with kernel methods
)
\Fld@listcount=\count269
\c@bookmark@seq@number=\count270

(c:/Users/pasca/AppData/Roaming/TinyTeX/texmf-dist/tex/latex/rerunfilecheck/rer
unfilecheck.sty
Package: rerunfilecheck 2019/12/05 v1.9 Rerun checks for auxiliary files (HO)

(c:/Users/pasca/AppData/Roaming/TinyTeX/texmf-dist/tex/generic/uniquecounter/un
iquecounter.sty
Package: uniquecounter 2019/12/15 v1.4 Provide unlimited unique counter (HO)
)
Package uniquecounter Info: New unique counter `rerunfilecheck' on input line 2
86.
)
\Hy@SectionHShift=\skip52
)
(c:/Users/pasca/AppData/Roaming/TinyTeX/texmf-dist/tex/latex/geometry/geometry.
sty
Package: geometry 2020/01/02 v5.9 Page Geometry

(c:/Users/pasca/AppData/Roaming/TinyTeX/texmf-dist/tex/generic/iftex/ifvtex.sty
Package: ifvtex 2019/10/25 v1.7 ifvtex legacy package. Use iftex instead.
)
\Gm@cnth=\count271
\Gm@cntv=\count272
\c@Gm@tempcnt=\count273
\Gm@bindingoffset=\dimen153
\Gm@wd@mp=\dimen154
\Gm@odd@mp=\dimen155
\Gm@even@mp=\dimen156
\Gm@layoutwidth=\dimen157
\Gm@layoutheight=\dimen158
\Gm@layouthoffset=\dimen159
\Gm@layoutvoffset=\dimen160
\Gm@dimlist=\toks24
)
(c:/Users/pasca/AppData/Roaming/TinyTeX/texmf-dist/tex/latex/tools/longtable.st
y
Package: longtable 2020/01/07 v4.13 Multi-page Table package (DPC)
\LTleft=\skip53
\LTright=\skip54
\LTpre=\skip55
\LTpost=\skip56
\LTchunksize=\count274
\LTcapwidth=\dimen161
\LT@head=\box49
\LT@firsthead=\box50
\LT@foot=\box51
\LT@lastfoot=\box52
\LT@cols=\count275
\LT@rows=\count276
\c@LT@tables=\count277
\c@LT@chunks=\count278
\LT@p@ftn=\toks25
)
(c:/Users/pasca/AppData/Roaming/TinyTeX/texmf-dist/tex/latex/booktabs/booktabs.
sty
Package: booktabs 2020/01/12 v1.61803398 Publication quality tables
\heavyrulewidth=\dimen162
\lightrulewidth=\dimen163
\cmidrulewidth=\dimen164
\belowrulesep=\dimen165
\belowbottomsep=\dimen166
\aboverulesep=\dimen167
\abovetopsep=\dimen168
\cmidrulesep=\dimen169
\cmidrulekern=\dimen170
\defaultaddspace=\dimen171
\@cmidla=\count279
\@cmidlb=\count280
\@aboverulesep=\dimen172
\@belowrulesep=\dimen173
\@thisruleclass=\count281
\@lastruleclass=\count282
\@thisrulewidth=\dimen174
)
(c:/Users/pasca/AppData/Roaming/TinyTeX/texmf-dist/tex/latex/etoolbox/etoolbox.
sty
Package: etoolbox 2020/10/05 v2.5k e-TeX tools for LaTeX (JAW)
\etb@tempcnta=\count283
)
(c:/Users/pasca/AppData/Roaming/TinyTeX/texmf-dist/tex/latex/mdwtools/footnote.
sty
Package: footnote 1997/01/28 1.13 Save footnotes around boxes
\fn@notes=\box53
\fn@width=\dimen175
)
(c:/Users/pasca/AppData/Roaming/TinyTeX/texmf-dist/tex/latex/graphics/graphicx.
sty
Package: graphicx 2020/09/09 v1.2b Enhanced LaTeX Graphics (DPC,SPQR)

(c:/Users/pasca/AppData/Roaming/TinyTeX/texmf-dist/tex/latex/graphics/graphics.
sty
Package: graphics 2020/08/30 v1.4c Standard LaTeX Graphics (DPC,SPQR)
(c:/Users/pasca/AppData/Roaming/TinyTeX/texmf-dist/tex/latex/graphics/trig.sty
Package: trig 2016/01/03 v1.10 sin cos tan (DPC)
)
(c:/Users/pasca/AppData/Roaming/TinyTeX/texmf-dist/tex/latex/graphics-cfg/graph
ics.cfg
File: graphics.cfg 2016/06/04 v1.11 sample graphics configuration
)
Package graphics Info: Driver file: pdftex.def on input line 105.
)
\Gin@req@height=\dimen176
\Gin@req@width=\dimen177
) (c:/Users/pasca/AppData/Roaming/TinyTeX/texmf-dist/tex/latex/float/float.sty
Package: float 2001/11/08 v1.3d Float enhancements (AL)
\c@float@type=\count284
\float@exts=\toks26
\float@box=\box54
\@float@everytoks=\toks27
\@floatcapt=\box55
)
(c:/Users/pasca/AppData/Roaming/TinyTeX/texmf-dist/tex/latex/l3backend/l3backen
d-pdftex.def
File: l3backend-pdftex.def 2020-09-24 L3 backend support: PDF output (pdfTeX)
\l__kernel_color_stack_int=\count285
\l__pdf_internal_box=\box56
) (./PA.aux

LaTeX Warning: Label `eq:sharperatio' multiply defined.

)
\openout1 = `PA.aux'.

LaTeX Font Info:    Checking defaults for OML/cmm/m/it on input line 88.
LaTeX Font Info:    ... okay on input line 88.
LaTeX Font Info:    Checking defaults for OMS/cmsy/m/n on input line 88.
LaTeX Font Info:    ... okay on input line 88.
LaTeX Font Info:    Checking defaults for OT1/cmr/m/n on input line 88.
LaTeX Font Info:    ... okay on input line 88.
LaTeX Font Info:    Checking defaults for T1/cmr/m/n on input line 88.
LaTeX Font Info:    ... okay on input line 88.
LaTeX Font Info:    Checking defaults for TS1/cmr/m/n on input line 88.
LaTeX Font Info:    ... okay on input line 88.
LaTeX Font Info:    Checking defaults for OMX/cmex/m/n on input line 88.
LaTeX Font Info:    ... okay on input line 88.
LaTeX Font Info:    Checking defaults for U/cmr/m/n on input line 88.
LaTeX Font Info:    ... okay on input line 88.
LaTeX Font Info:    Checking defaults for PD1/pdf/m/n on input line 88.
LaTeX Font Info:    ... okay on input line 88.
LaTeX Font Info:    Checking defaults for PU/pdf/m/n on input line 88.
LaTeX Font Info:    ... okay on input line 88.

(c:/Users/pasca/AppData/Roaming/TinyTeX/texmf-dist/tex/latex/epstopdf-pkg/epsto
pdf-base.sty
Package: epstopdf-base 2020-01-24 v2.11 Base part for package epstopdf
Package epstopdf-base Info: Redefining graphics rule for `.eps' on input line 4
85.

(c:/Users/pasca/AppData/Roaming/TinyTeX/texmf-dist/tex/latex/latexconfig/epstop
df-sys.cfg
File: epstopdf-sys.cfg 2010/07/13 v1.3 Configuration of (r)epstopdf for TeX Liv
e
))
Package hyperref Info: Link coloring OFF on input line 88.

(c:/Users/pasca/AppData/Roaming/TinyTeX/texmf-dist/tex/latex/hyperref/nameref.s
ty
Package: nameref 2019/09/16 v2.46 Cross-referencing by name of section

(c:/Users/pasca/AppData/Roaming/TinyTeX/texmf-dist/tex/latex/refcount/refcount.
sty
Package: refcount 2019/12/15 v3.6 Data extraction from label references (HO)
)
(c:/Users/pasca/AppData/Roaming/TinyTeX/texmf-dist/tex/generic/gettitlestring/g
ettitlestring.sty
Package: gettitlestring 2019/12/15 v1.6 Cleanup title references (HO)
)
\c@section@level=\count286
)
LaTeX Info: Redefining \ref on input line 88.
LaTeX Info: Redefining \pageref on input line 88.
LaTeX Info: Redefining \nameref on input line 88.
(./PA.out) (./PA.out)
\@outlinefile=\write3
\openout3 = `PA.out'.

*geometry* driver: auto-detecting
*geometry* detected driver: pdftex
*geometry* verbose mode - [ preamble ] result:
* driver: pdftex
* paper: <default>
* layout: <same size as paper>
* layoutoffset:(h,v)=(0.0pt,0.0pt)
* modes: 
* h-part:(L,W,R)=(56.9055pt, 500.484pt, 56.9055pt)
* v-part:(T,H,B)=(56.9055pt, 681.15898pt, 56.9055pt)
* \paperwidth=614.295pt
* \paperheight=794.96999pt
* \textwidth=500.484pt
* \textheight=681.15898pt
* \oddsidemargin=-15.36449pt
* \evensidemargin=-15.36449pt
* \topmargin=-52.36449pt
* \headheight=12.0pt
* \headsep=25.0pt
* \topskip=9.0pt
* \footskip=30.0pt
* \marginparwidth=4.0pt
* \marginparsep=10.0pt
* \columnsep=10.0pt
* \skip\footins=7.0pt plus 4.0pt minus 2.0pt
* \hoffset=0.0pt
* \voffset=0.0pt
* \mag=1000
* \@twocolumntrue
* \@twosidefalse
* \@mparswitchfalse
* \@reversemarginfalse
* (1in=72.27pt=25.4mm, 1cm=28.453pt)

LaTeX Font Info:    Trying to load font information for OT1+lmr on input line 9
0.
(c:/Users/pasca/AppData/Roaming/TinyTeX/texmf-dist/tex/latex/lm/ot1lmr.fd
File: ot1lmr.fd 2009/10/30 v1.6 Font defs for Latin Modern
)
LaTeX Font Info:    Trying to load font information for OML+lmm on input line 9
0.
(c:/Users/pasca/AppData/Roaming/TinyTeX/texmf-dist/tex/latex/lm/omllmm.fd
File: omllmm.fd 2009/10/30 v1.6 Font defs for Latin Modern
)
LaTeX Font Info:    Trying to load font information for OMS+lmsy on input line 
90.
(c:/Users/pasca/AppData/Roaming/TinyTeX/texmf-dist/tex/latex/lm/omslmsy.fd
File: omslmsy.fd 2009/10/30 v1.6 Font defs for Latin Modern
)
LaTeX Font Info:    Trying to load font information for OMX+lmex on input line 
90.
(c:/Users/pasca/AppData/Roaming/TinyTeX/texmf-dist/tex/latex/lm/omxlmex.fd
File: omxlmex.fd 2009/10/30 v1.6 Font defs for Latin Modern
)
LaTeX Font Info:    External font `lmex10' loaded for size
(Font)              <10> on input line 90.
LaTeX Font Info:    External font `lmex10' loaded for size
(Font)              <7> on input line 90.
LaTeX Font Info:    External font `lmex10' loaded for size
(Font)              <5> on input line 90.
LaTeX Font Info:    Trying to load font information for U+msa on input line 90.

(c:/Users/pasca/AppData/Roaming/TinyTeX/texmf-dist/tex/latex/amsfonts/umsa.fd
File: umsa.fd 2013/01/14 v3.01 AMS symbols A
)
LaTeX Font Info:    Trying to load font information for U+msb on input line 90.

(c:/Users/pasca/AppData/Roaming/TinyTeX/texmf-dist/tex/latex/amsfonts/umsb.fd
File: umsb.fd 2013/01/14 v3.01 AMS symbols B
)
Underfull \hbox (badness 7081) in paragraph at lines 95--95
[]\T1/lmr/bx/n/8 Keywords: \T1/lmr/m/n/8 Port-fo-lio op-ti-miza-tion, Ro-bust o
p-ti-miza-tion,
 []

[1{c:/Users/pasca/AppData/Roaming/TinyTeX/texmf-var/fonts/map/pdftex/updmap/pdf
tex.map}


]
LaTeX Font Info:    External font `lmex10' loaded for size
(Font)              <8> on input line 120.
LaTeX Font Info:    External font `lmex10' loaded for size
(Font)              <6> on input line 120.
[2pdfTeX warning (ext4): destination with the same identifier (name{table.1}) h
as been already used, duplicate ignored
<argument> ...shipout:D \box_use:N \l_shipout_box 
                                                  
l.238 \newpage
              pdfTeX warning (ext4): destination with the same identifier (name
{table.2}) has been already used, duplicate ignored
<argument> ...shipout:D \box_use:N \l_shipout_box 
                                                  
l.238 \newpage
              ]
<PA_files/figure-latex/corplot-1.pdf, id=172, 469.755pt x 433.62pt>
File: PA_files/figure-latex/corplot-1.pdf Graphic file (type pdf)
<use PA_files/figure-latex/corplot-1.pdf>
Package pdftex.def Info: PA_files/figure-latex/corplot-1.pdf  used on input lin
e 257.
(pdftex.def)             Requested size: 245.24167pt x 226.37692pt.
<PA_files/figure-latex/serplot-1.pdf, id=173, 469.755pt x 289.08pt>
File: PA_files/figure-latex/serplot-1.pdf Graphic file (type pdf)
<use PA_files/figure-latex/serplot-1.pdf>
Package pdftex.def Info: PA_files/figure-latex/serplot-1.pdf  used on input lin
e 310.
(pdftex.def)             Requested size: 245.24167pt x 150.91794pt.

LaTeX Warning: Reference `fig:ser' on page 3 undefined on input line 314.

[3pdfTeX warning (ext4): destination with the same identifier (name{figure.1}) 
has been already used, duplicate ignored
<argument> ...shipout:D \box_use:N \l_shipout_box 
                                                  
l.315 
      pdfTeX warning (ext4): destination with the same identifier (name{figure.
2}) has been already used, duplicate ignored
<argument> ...shipout:D \box_use:N \l_shipout_box 
                                                  
l.315 
       <./PA_files/figure-latex/corplot-1.pdf> <./PA_files/figure-latex/serplot
-1.pdf>] [4pdfTeX warning (ext4): destination with the same identifier (name{ta
ble.3}) has been already used, duplicate ignored
<argument> ...shipout:D \box_use:N \l_shipout_box 
                                                  
l.369 \newpage
              ]
<PA_files/figure-latex/gg98-1.pdf, id=212, 469.755pt x 216.81pt>
File: PA_files/figure-latex/gg98-1.pdf Graphic file (type pdf)
<use PA_files/figure-latex/gg98-1.pdf>
Package pdftex.def Info: PA_files/figure-latex/gg98-1.pdf  used on input line 4
34.
(pdftex.def)             Requested size: 245.24167pt x 113.18845pt.

Underfull \vbox (badness 1189) has occurred while \output is active []

[5pdfTeX warning (ext4): destination with the same identifier (name{figure.3}) 
has been already used, duplicate ignored
<argument> ...shipout:D \box_use:N \l_shipout_box 
                                                  
l.487 
       <./PA_files/figure-latex/gg98-1.pdf>]
<PA_files/figure-latex/refplot-1.pdf, id=235, 469.755pt x 361.35pt>
File: PA_files/figure-latex/refplot-1.pdf Graphic file (type pdf)
<use PA_files/figure-latex/refplot-1.pdf>
Package pdftex.def Info: PA_files/figure-latex/refplot-1.pdf  used on input lin
e 602.
(pdftex.def)             Requested size: 245.24167pt x 188.64743pt.
[6pdfTeX warning (ext4): destination with the same identifier (name{table.4}) h
as been already used, duplicate ignored
<argument> ...shipout:D \box_use:N \l_shipout_box 
                                                  
l.605 
      pdfTeX warning (ext4): destination with the same identifier (name{table.5
}) has been already used, duplicate ignored
<argument> ...shipout:D \box_use:N \l_shipout_box 
                                                  
l.605 
      ]

LaTeX Warning: Reference `fig:gg3' on page 7 undefined on input line 607.


LaTeX Warning: Reference `cross' on page 7 undefined on input line 607.


Overfull \hbox (9.0021pt too wide) in paragraph at lines 686--692
\OML/lmm/m/it/8 d\OMS/lmsy/m/n/8 hf\OML/lmm/m/it/8 x[]; x[]\OMS/lmsy/m/n/8 g\OM
L/lmm/m/it/8 ; \OMS/lmsy/m/n/8 f\OML/lmm/m/it/8 x[]; x[]\OMS/lmsy/m/n/8 gi \OT1
/lmr/m/n/8 = \OML/lmm/m/it/8 max\OT1/lmr/m/n/8 (\OML/lmm/m/it/8 d\OMS/lmsy/m/n/
8 h\OML/lmm/m/it/8 x[]; x[]\OMS/lmsy/m/n/8 i\OML/lmm/m/it/8 ; d\OMS/lmsy/m/n/8 
h\OML/lmm/m/it/8 x[]; x[]\OMS/lmsy/m/n/8 i\OML/lmm/m/it/8 ; d\OMS/lmsy/m/n/8 h\
OML/lmm/m/it/8 x[]; x[]\OMS/lmsy/m/n/8 i\OML/lmm/m/it/8 ; d\OMS/lmsy/m/n/8 h\OM
L/lmm/m/it/8 x[]; x[]\OMS/lmsy/m/n/8 i\OT1/lmr/m/n/8 )$\T1/lmr/m/n/8 .
 []

[7pdfTeX warning (ext4): destination with the same identifier (name{figure.4}) 
has been already used, duplicate ignored
<argument> ...shipout:D \box_use:N \l_shipout_box 
                                                  
l.692 
      pdfTeX warning (ext4): destination with the same identifier (name{table.6
}) has been already used, duplicate ignored
<argument> ...shipout:D \box_use:N \l_shipout_box 
                                                  
l.692 
       <./PA_files/figure-latex/refplot-1.pdf>]
<PA_files/figure-latex/heatmap-1.pdf, id=275, 469.755pt x 469.755pt>
File: PA_files/figure-latex/heatmap-1.pdf Graphic file (type pdf)
<use PA_files/figure-latex/heatmap-1.pdf>
Package pdftex.def Info: PA_files/figure-latex/heatmap-1.pdf  used on input lin
e 695.
(pdftex.def)             Requested size: 245.24167pt x 245.24167pt.
<PA_files/figure-latex/gefplot-1.pdf, id=276, 469.755pt x 361.35pt>
File: PA_files/figure-latex/gefplot-1.pdf Graphic file (type pdf)
<use PA_files/figure-latex/gefplot-1.pdf>
Package pdftex.def Info: PA_files/figure-latex/gefplot-1.pdf  used on input lin
e 729.
(pdftex.def)             Requested size: 245.24167pt x 188.64743pt.

Underfull \vbox (badness 10000) has occurred while \output is active []

LaTeX Font Info:    Trying to load font information for T1+lmtt on input line 7
41.
(c:/Users/pasca/AppData/Roaming/TinyTeX/texmf-dist/tex/latex/lm/t1lmtt.fd
File: t1lmtt.fd 2009/10/30 v1.6 Font defs for Latin Modern
)
<PA_files/figure-latex/gg4-1.pdf, id=277, 469.755pt x 289.08pt>
File: PA_files/figure-latex/gg4-1.pdf Graphic file (type pdf)
<use PA_files/figure-latex/gg4-1.pdf>
Package pdftex.def Info: PA_files/figure-latex/gg4-1.pdf  used on input line 75
6.
(pdftex.def)             Requested size: 245.24167pt x 150.91794pt.

Underfull \vbox (badness 3229) has occurred while \output is active []

[8pdfTeX warning (ext4): destination with the same identifier (name{figure.5}) 
has been already used, duplicate ignored
<argument> ...shipout:D \box_use:N \l_shipout_box 
                                                  
l.759 
      pdfTeX warning (ext4): destination with the same identifier (name{table.7
}) has been already used, duplicate ignored
<argument> ...shipout:D \box_use:N \l_shipout_box 
                                                  
l.759 
      pdfTeX warning (ext4): destination with the same identifier (name{figure.
6}) has been already used, duplicate ignored
<argument> ...shipout:D \box_use:N \l_shipout_box 
                                                  
l.759 
       <./PA_files/figure-latex/heatmap-1.pdf> <./PA_files/figure-latex/gefplot
-1.pdf>]
<./www/Cross_validation.jpg, id=304, 376.2858pt x 239.9364pt>
File: ./www/Cross_validation.jpg Graphic file (type jpg)
<use ./www/Cross_validation.jpg>
Package pdftex.def Info: ./www/Cross_validation.jpg  used on input line 770.
(pdftex.def)             Requested size: 232.97899pt x 148.55766pt.
<PA_files/figure-latex/tpwbymodel-1.pdf, id=308, 469.755pt x 361.35pt>
File: PA_files/figure-latex/tpwbymodel-1.pdf Graphic file (type pdf)
<use PA_files/figure-latex/tpwbymodel-1.pdf>
Package pdftex.def Info: PA_files/figure-latex/tpwbymodel-1.pdf  used on input 
line 792.
(pdftex.def)             Requested size: 245.24167pt x 188.64743pt.
[9pdfTeX warning (ext4): destination with the same identifier (name{figure.7}) 
has been already used, duplicate ignored
<argument> ...shipout:D \box_use:N \l_shipout_box 
                                                  
l.798 \newpage
              pdfTeX warning (ext4): destination with the same identifier (name
{figure.8}) has been already used, duplicate ignored
<argument> ...shipout:D \box_use:N \l_shipout_box 
                                                  
l.798 \newpage
              pdfTeX warning (ext4): destination with the same identifier (name
{figure.9}) has been already used, duplicate ignored
<argument> ...shipout:D \box_use:N \l_shipout_box 
                                                  
l.798 \newpage
               <./PA_files/figure-latex/gg4-1.pdf> <./www/Cross_validation.jpg>
 <./PA_files/figure-latex/tpwbymodel-1.pdf>]
<PA_files/figure-latex/tpwshrinkbymodel-1.pdf, id=345, 469.755pt x 361.35pt>
File: PA_files/figure-latex/tpwshrinkbymodel-1.pdf Graphic file (type pdf)
<use PA_files/figure-latex/tpwshrinkbymodel-1.pdf>
Package pdftex.def Info: PA_files/figure-latex/tpwshrinkbymodel-1.pdf  used on 
input line 843.
(pdftex.def)             Requested size: 245.24167pt x 188.64743pt.
<PA_files/figure-latex/tpwsfshrinkbymodel-1.pdf, id=347, 469.755pt x 361.35pt>
File: PA_files/figure-latex/tpwsfshrinkbymodel-1.pdf Graphic file (type pdf)
<use PA_files/figure-latex/tpwsfshrinkbymodel-1.pdf>
Package pdftex.def Info: PA_files/figure-latex/tpwsfshrinkbymodel-1.pdf  used o
n input line 853.
(pdftex.def)             Requested size: 245.24167pt x 188.64743pt.
[10pdfTeX warning (ext4): destination with the same identifier (name{figure.10}
) has been already used, duplicate ignored
<argument> ...shipout:D \box_use:N \l_shipout_box 
                                                  
l.881 \newpage
              pdfTeX warning (ext4): destination with the same identifier (name
{figure.11}) has been already used, duplicate ignored
<argument> ...shipout:D \box_use:N \l_shipout_box 
                                                  
l.881 \newpage
               <./PA_files/figure-latex/tpwshrinkbymodel-1.pdf> <./PA_files/fig
ure-latex/tpwsfshrinkbymodel-1.pdf>]
<PA_files/figure-latex/mvpse-1.pdf, id=387, 469.755pt x 289.08pt>
File: PA_files/figure-latex/mvpse-1.pdf Graphic file (type pdf)
<use PA_files/figure-latex/mvpse-1.pdf>
Package pdftex.def Info: PA_files/figure-latex/mvpse-1.pdf  used on input line 
910.
(pdftex.def)             Requested size: 245.24167pt x 150.91794pt.
<PA_files/figure-latex/tpse-1.pdf, id=388, 469.755pt x 289.08pt>
File: PA_files/figure-latex/tpse-1.pdf Graphic file (type pdf)
<use PA_files/figure-latex/tpse-1.pdf>
Package pdftex.def Info: PA_files/figure-latex/tpse-1.pdf  used on input line 9
16.
(pdftex.def)             Requested size: 245.24167pt x 150.91794pt.

Underfull \vbox (badness 10000) has occurred while \output is active []


Underfull \hbox (badness 3168) in paragraph at lines 921--921
[]\T1/lmr/bx/n/10 Results of group-ing and boot-strap-ping
 []

<PA_files/figure-latex/mvpsegr-1.pdf, id=396, 469.755pt x 289.08pt>
File: PA_files/figure-latex/mvpsegr-1.pdf Graphic file (type pdf)
<use PA_files/figure-latex/mvpsegr-1.pdf>
Package pdftex.def Info: PA_files/figure-latex/mvpsegr-1.pdf  used on input lin
e 947.
(pdftex.def)             Requested size: 245.24167pt x 150.91794pt.

Underfull \vbox (badness 10000) has occurred while \output is active []

[11pdfTeX warning (ext4): destination with the same identifier (name{table.8}) 
has been already used, duplicate ignored
<argument> ...shipout:D \box_use:N \l_shipout_box 
                                                  
l.950 
      pdfTeX warning (ext4): destination with the same identifier (name{figure.
12}) has been already used, duplicate ignored
<argument> ...shipout:D \box_use:N \l_shipout_box 
                                                  
l.950 
      pdfTeX warning (ext4): destination with the same identifier (name{figure.
13}) has been already used, duplicate ignored
<argument> ...shipout:D \box_use:N \l_shipout_box 
                                                  
l.950 
      pdfTeX warning (ext4): destination with the same identifier (name{table.9
}) has been already used, duplicate ignored
<argument> ...shipout:D \box_use:N \l_shipout_box 
                                                  
l.950 
       <./PA_files/figure-latex/mvpse-1.pdf> <./PA_files/figure-latex/tpse-1.pd
f>]
<PA_files/figure-latex/tpsegr-1.pdf, id=421, 469.755pt x 289.08pt>
File: PA_files/figure-latex/tpsegr-1.pdf Graphic file (type pdf)
<use PA_files/figure-latex/tpsegr-1.pdf>
Package pdftex.def Info: PA_files/figure-latex/tpsegr-1.pdf  used on input line
 953.
(pdftex.def)             Requested size: 245.24167pt x 150.91794pt.
<PA_files/figure-latex/srplot-1.pdf, id=428, 469.755pt x 289.08pt>
File: PA_files/figure-latex/srplot-1.pdf Graphic file (type pdf)
<use PA_files/figure-latex/srplot-1.pdf>
Package pdftex.def Info: PA_files/figure-latex/srplot-1.pdf  used on input line
 978.
(pdftex.def)             Requested size: 245.24167pt x 150.91794pt.
<PA_files/figure-latex/scorplot-1.pdf, id=431, 469.755pt x 289.08pt>
File: PA_files/figure-latex/scorplot-1.pdf Graphic file (type pdf)
<use PA_files/figure-latex/scorplot-1.pdf>
Package pdftex.def Info: PA_files/figure-latex/scorplot-1.pdf  used on input li
ne 987.
(pdftex.def)             Requested size: 245.24167pt x 150.91794pt.
[12pdfTeX warning (ext4): destination with the same identifier (name{figure.14}
) has been already used, duplicate ignored
<argument> ...shipout:D \box_use:N \l_shipout_box 
                                                  
l.991 \newpage
              pdfTeX warning (ext4): destination with the same identifier (name
{figure.15}) has been already used, duplicate ignored
<argument> ...shipout:D \box_use:N \l_shipout_box 
                                                  
l.991 \newpage
              pdfTeX warning (ext4): destination with the same identifier (name
{figure.16}) has been already used, duplicate ignored
<argument> ...shipout:D \box_use:N \l_shipout_box 
                                                  
l.991 \newpage
              pdfTeX warning (ext4): destination with the same identifier (name
{figure.17}) has been already used, duplicate ignored
<argument> ...shipout:D \box_use:N \l_shipout_box 
                                                  
l.991 \newpage
               <./PA_files/figure-latex/mvpsegr-1.pdf> <./PA_files/figure-latex
/tpsegr-1.pdf> <./PA_files/figure-latex/srplot-1.pdf> <./PA_files/figure-latex/
scorplot-1.pdf>]
<PA_files/figure-latex/srcorplot1-1.pdf, id=461, 469.755pt x 289.08pt>
File: PA_files/figure-latex/srcorplot1-1.pdf Graphic file (type pdf)
<use PA_files/figure-latex/srcorplot1-1.pdf>
Package pdftex.def Info: PA_files/figure-latex/srcorplot1-1.pdf  used on input 
line 1002.
(pdftex.def)             Requested size: 245.24167pt x 150.91794pt.
<PA_files/figure-latex/srcorplot2-1.pdf, id=464, 469.755pt x 289.08pt>
File: PA_files/figure-latex/srcorplot2-1.pdf Graphic file (type pdf)
<use PA_files/figure-latex/srcorplot2-1.pdf>
Package pdftex.def Info: PA_files/figure-latex/srcorplot2-1.pdf  used on input 
line 1012.
(pdftex.def)             Requested size: 245.24167pt x 150.91794pt.
<PA_files/figure-latex/srcorplot3-1.pdf, id=465, 469.755pt x 289.08pt>
File: PA_files/figure-latex/srcorplot3-1.pdf Graphic file (type pdf)
<use PA_files/figure-latex/srcorplot3-1.pdf>
Package pdftex.def Info: PA_files/figure-latex/srcorplot3-1.pdf  used on input 
line 1018.
(pdftex.def)             Requested size: 245.24167pt x 150.91794pt.

Underfull \vbox (badness 10000) has occurred while \output is active []

[13pdfTeX warning (ext4): destination with the same identifier (name{figure.18}
) has been already used, duplicate ignored
<argument> ...shipout:D \box_use:N \l_shipout_box 
                                                  
l.1048 \newpage
               pdfTeX warning (ext4): destination with the same identifier (nam
e{figure.19}) has been already used, duplicate ignored
<argument> ...shipout:D \box_use:N \l_shipout_box 
                                                  
l.1048 \newpage
               pdfTeX warning (ext4): destination with the same identifier (nam
e{figure.20}) has been already used, duplicate ignored
<argument> ...shipout:D \box_use:N \l_shipout_box 
                                                  
l.1048 \newpage
               pdfTeX warning (ext4): destination with the same identifier (nam
e{table.10}) has been already used, duplicate ignored
<argument> ...shipout:D \box_use:N \l_shipout_box 
                                                  
l.1048 \newpage
                <./PA_files/figure-latex/srcorplot1-1.pdf> <./PA_files/figure-l
atex/srcorplot2-1.pdf> <./PA_files/figure-latex/srcorplot3-1.pdf>]
LaTeX Font Info:    Trying to load font information for TS1+lmr on input line 1
056.
(c:/Users/pasca/AppData/Roaming/TinyTeX/texmf-dist/tex/latex/lm/ts1lmr.fd
File: ts1lmr.fd 2009/10/30 v1.6 Font defs for Latin Modern
)
Underfull \hbox (badness 1448) in paragraph at lines 1062--1064
[]\T1/lmr/m/n/8 [4] global-rates, CHF LI-BOR in-ter-est rate [on-line]. Avail-
 []

(./PA.lof)
\tf@lof=\write4
\openout4 = `PA.lof'.

(./PA.lot)
\tf@lot=\write5
\openout5 = `PA.lot'.

[14] (./PA.aux)
Package rerunfilecheck Info: File `PA.out' has not changed.
(rerunfilecheck)             Checksum: EA11780259F77E47334E68BB3FBB2A01;5517.

LaTeX Warning: There were undefined references.


LaTeX Warning: There were multiply-defined labels.

 ) 
Here is how much of TeX's memory you used:
 11382 strings out of 481466
 168319 string characters out of 5920170
 466169 words of memory out of 5000000
 27746 multiletter control sequences out of 15000+600000
 581574 words of font info for 66 fonts, out of 8000000 for 9000
 14 hyphenation exceptions out of 8191
 66i,8n,72p,1209b,328s stack positions out of 5000i,500n,10000p,200000b,80000s
{c:/Users/pasca/AppData/Roaming/TinyTeX/texmf-dist/fonts/enc/dvips/lm/lm-ts1.
enc}{c:/Users/pasca/AppData/Roaming/TinyTeX/texmf-dist/fonts/enc/dvips/lm/lm-ec
.enc}{c:/Users/pasca/AppData/Roaming/TinyTeX/texmf-dist/fonts/enc/dvips/lm/lm-r
m.enc}{c:/Users/pasca/AppData/Roaming/TinyTeX/texmf-dist/fonts/enc/dvips/lm/lm-
mathsy.enc}{c:/Users/pasca/AppData/Roaming/TinyTeX/texmf-dist/fonts/enc/dvips/l
m/lm-mathex.enc}{c:/Users/pasca/AppData/Roaming/TinyTeX/texmf-dist/fonts/enc/dv
ips/lm/lm-mathit.enc}<c:/Users/pasca/AppData/Roaming/TinyTeX/texmf-dist/fonts/t
ype1/public/lm/lmbx10.pfb><c:/Users/pasca/AppData/Roaming/TinyTeX/texmf-dist/fo
nts/type1/public/lm/lmbx8.pfb><c:/Users/pasca/AppData/Roaming/TinyTeX/texmf-dis
t/fonts/type1/public/lm/lmex10.pfb><c:/Users/pasca/AppData/Roaming/TinyTeX/texm
f-dist/fonts/type1/public/lm/lmmi6.pfb><c:/Users/pasca/AppData/Roaming/TinyTeX/
texmf-dist/fonts/type1/public/lm/lmmi8.pfb><c:/Users/pasca/AppData/Roaming/Tiny
TeX/texmf-dist/fonts/type1/public/lm/lmr10.pfb><c:/Users/pasca/AppData/Roaming/
TinyTeX/texmf-dist/fonts/type1/public/lm/lmr12.pfb><c:/Users/pasca/AppData/Roam
ing/TinyTeX/texmf-dist/fonts/type1/public/lm/lmr6.pfb><c:/Users/pasca/AppData/R
oaming/TinyTeX/texmf-dist/fonts/type1/public/lm/lmr8.pfb><c:/Users/pasca/AppDat
a/Roaming/TinyTeX/texmf-dist/fonts/type1/public/lm/lmri8.pfb><c:/Users/pasca/Ap
pData/Roaming/TinyTeX/texmf-dist/fonts/type1/public/lm/lmsy6.pfb><c:/Users/pasc
a/AppData/Roaming/TinyTeX/texmf-dist/fonts/type1/public/lm/lmsy8.pfb><c:/Users/
pasca/AppData/Roaming/TinyTeX/texmf-dist/fonts/type1/public/lm/lmtt8.pfb><c:/Us
ers/pasca/AppData/Roaming/TinyTeX/texmf-dist/fonts/type1/public/amsfonts/symbol
s/msam7.pfb>
Output written on PA.pdf (14 pages, 794966 bytes).
PDF statistics:
 645 PDF objects out of 1000 (max. 8388607)
 563 compressed objects within 6 object streams
 138 named destinations out of 1000 (max. 500000)
 357 words of extra memory for PDF output out of 10000 (max. 10000000)

